/*C13*/SET SCHEMA PUBLIC
drop table if exists game_stats CASCADE 
drop table if exists user CASCADE 
create table game_stats (id bigint generated by default as identity (start with 1), game_played integer, number_of_draw integer, number_of_lose integer, number_of_win integer, primary key (id))
create table user (id varchar(255) not null, password varchar(255) not null, username varchar(255) not null, game_stats_id bigint, primary key (id))
alter table user add constraint FKiqk6m790ag9feukbtq5h7bgb3 foreign key (game_stats_id) references game_stats
DISCONNECT
/*C14*/SET SCHEMA PUBLIC
DISCONNECT
/*C15*/SET SCHEMA PUBLIC
DISCONNECT
/*C16*/SET SCHEMA PUBLIC
DISCONNECT
/*C17*/SET SCHEMA PUBLIC
DISCONNECT
/*C18*/SET SCHEMA PUBLIC
DISCONNECT
/*C19*/SET SCHEMA PUBLIC
DISCONNECT
/*C20*/SET SCHEMA PUBLIC
DISCONNECT
/*C21*/SET SCHEMA PUBLIC
DISCONNECT
/*C22*/SET SCHEMA PUBLIC
DISCONNECT
/*C23*/SET SCHEMA PUBLIC
drop table if exists game_stats CASCADE 
drop table if exists user CASCADE 
create table game_stats (id bigint generated by default as identity (start with 1), game_played integer, number_of_draw integer, number_of_lose integer, number_of_win integer, primary key (id))
create table user (id varchar(255) not null, password varchar(255) not null, username varchar(255) not null, game_stats_id bigint, primary key (id))
alter table user add constraint FKiqk6m790ag9feukbtq5h7bgb3 foreign key (game_stats_id) references game_stats
INSERT INTO GAME_STATS VALUES(1,0,0,0,0)
INSERT INTO USER VALUES('02599a89-4f45-4517-81c8-07a6c91a169c','$2a$10$0O0BOJjRMuO82pgmjux.sO4bALCXmpoioMRCVQntM.43VFqdSYnJe','admin',1)
COMMIT
